[debug] [2022-02-13T19:23:12.336Z] ----------------------------------------------------------------------
[debug] [2022-02-13T19:23:12.337Z] Command:       C:\Program Files\nodejs\node.exe C:\Users\MyCyberPower\AppData\Roaming\npm\node_modules\firebase-tools\lib\bin\firebase.js init hosting
[debug] [2022-02-13T19:23:12.338Z] CLI Version:   10.2.0
[debug] [2022-02-13T19:23:12.338Z] Platform:      win32
[debug] [2022-02-13T19:23:12.338Z] Node Version:  v16.11.0
[debug] [2022-02-13T19:23:12.339Z] Time:          Sun Feb 13 2022 14:23:12 GMT-0500 (Eastern Standard Time)
[debug] [2022-02-13T19:23:12.339Z] ----------------------------------------------------------------------
[debug] 
[debug] [2022-02-13T19:23:12.344Z] > command requires scopes: ["email","openid","https://www.googleapis.com/auth/cloudplatformprojects.readonly","https://www.googleapis.com/auth/firebase","https://www.googleapis.com/auth/cloud-platform"]
[debug] [2022-02-13T19:23:12.345Z] > authorizing via signed-in user (ahmedovislam11@gmail.com)
[info] 
     ######## #### ########  ######## ########     ###     ######  ########
     ##        ##  ##     ## ##       ##     ##  ##   ##  ##       ##
     ######    ##  ########  ######   ########  #########  ######  ######
     ##        ##  ##    ##  ##       ##     ## ##     ##       ## ##
     ##       #### ##     ## ######## ########  ##     ##  ######  ########

You're about to initialize a Firebase project in this directory:

  C:\Users\MyCyberPower\Documents\React\weather

[info] 
=== Project Setup
[info] 
[info] First, let's associate this project directory with a Firebase project.
[info] You can create multiple project aliases by running firebase use --add, 
[info] but for now we'll just set up a default project.
[info] 
[debug] [2022-02-13T19:23:20.669Z] >>> [apiv2][query] GET https://firebase.googleapis.com/v1beta1/projects pageSize=100
[debug] [2022-02-13T19:23:21.066Z] <<< [apiv2][status] GET https://firebase.googleapis.com/v1beta1/projects 200
[debug] [2022-02-13T19:23:21.066Z] <<< [apiv2][body] GET https://firebase.googleapis.com/v1beta1/projects [omitted]
[info] i  Using project bugunhavo (BugunHavo) 
[info] 
=== Hosting Setup
[info] 
[info] Your public directory is the folder (relative to your project directory) that
[info] will contain Hosting assets to be uploaded with firebase deploy. If you
[info] have a build process for your assets, use your build's output directory.
[info] 
